[2025-12-20 19:32:54] SUCCESS login attempt for 'leila@gmail.com' from IP: ::1
[2025-12-20 20:03:25] SUCCESS login attempt for 'admin@gmail.com' from IP: ::1
[2025-12-20 20:08:34] SUCCESS login attempt for 'leila@gmail.com' from IP: ::1
[2025-12-20 21:14:19] SUCCESS login attempt for 'admin@gmail.com' from IP: ::1
[2025-12-20 22:19:32] SUCCESS login attempt for 'admin@gmail.com' from IP: ::1
[2025-12-20 22:20:49] SUCCESS login attempt for 'streem@gmail.com' from IP: ::1
[2025-12-20 22:22:30] SUCCESS login attempt for 'lamaataturk@gmail.com' from IP: ::1
[2025-12-20 22:23:38] SUCCESS login attempt for 'admin@gmail.com' from IP: ::1
[2025-12-21 10:58:30] SUCCESS login attempt for 'admin@gmail.com' from IP: ::1
[2025-12-21 11:11:59] SUCCESS login attempt for 'reem@gmail.com' from IP: ::1
[2025-12-21 12:46:24] SUCCESS login attempt for 'riri@gmail.com' from IP: ::1
[2025-12-21 12:47:24] SUCCESS login attempt for 'admin@gmail.com' from IP: ::1
[2025-12-21 12:49:36] SUCCESS login attempt for 'leila@gmail.com' from IP: ::1
[2025-12-21 13:04:17] SUCCESS login attempt for 'riri@gmail.com' from IP: ::1
[2025-12-21 15:59:17] SUCCESS login attempt for 'riri@gmail.com' from IP: ::1
[2025-12-21 16:00:06] SUCCESS login attempt for 'leila@gmail.com' from IP: ::1
[2025-12-21 16:00:50] SUCCESS login attempt for 'leila@gmail.com' from IP: ::1
[2025-12-21 16:47:52] SUCCESS login attempt for 'sham@gmail.com' from IP: ::1
[2025-12-21 16:54:24] SUCCESS login attempt for 'sham@gmail.com' from IP: ::1
[2025-12-21 17:02:37] SUCCESS login attempt for 'sham@gmail.com' from IP: ::1
[2025-12-21 17:23:15] SUCCESS login attempt for 'sham@gmail.com' from IP: ::1
[2025-12-21 17:26:39] SUCCESS login attempt for 'sham@gmail.com' from IP: ::1
[2025-12-21 17:27:36] SUCCESS login attempt for 'sham@gmail.com' from IP: ::1
[2025-12-21 17:31:41] SUCCESS login attempt for 'sham@gmail.com' from IP: ::1
[2025-12-21 17:37:49] SUCCESS login attempt for 'sham@gmail.com' from IP: ::1
[2025-12-21 17:38:47] SUCCESS login attempt for 'sham@gmail.com' from IP: ::1
[2025-12-21 17:45:21] SUCCESS login attempt for 'sham@gmail.com' from IP: ::1
[2025-12-21 17:46:41] SUCCESS login attempt for 'sham@gmail.com' from IP: ::1
[2025-12-21 17:49:21] SUCCESS login attempt for 'sham@gmail.com' from IP: ::1
[2025-12-21 17:52:47] SUCCESS login attempt for 'sham@gmail.com' from IP: ::1
