[2025-12-08 01:12:34] SUCCESS - Instructor ID: 1, Action: reject, Submission ID: 18, IP: ::1
[2025-12-08 01:12:34] SUCCESS - Instructor ID: 1, Action: reject, Submission ID: 18, IP: ::1
[2025-12-08 01:12:38] SUCCESS - Instructor ID: 1, Action: view_report, Submission ID: 18, IP: ::1
[2025-12-08 01:12:43] SUCCESS - Instructor ID: 1, Action: download_report, Submission ID: 18, IP: ::1
[2025-12-08 01:12:45] SUCCESS - Instructor ID: 1, Action: accept, Submission ID: 18, IP: ::1
[2025-12-08 01:12:45] SUCCESS - Instructor ID: 1, Action: accept, Submission ID: 18, IP: ::1
[2025-12-08 01:12:54] SUCCESS - Instructor ID: 1, Action: add_feedback, Submission ID: 18, IP: ::1
[2025-12-08 01:12:54] SUCCESS - Instructor ID: 1, Action: add_feedback, Submission ID: 18, IP: ::1
[2025-12-08 01:30:28] SUCCESS - Instructor ID: 1, Action: add_feedback, Submission ID: 19, IP: ::1
[2025-12-08 01:30:28] SUCCESS - Instructor ID: 1, Action: add_feedback, Submission ID: 19, IP: ::1
[2025-12-08 13:01:26] SUCCESS - Instructor ID: 1, Action: accept, Submission ID: 21, IP: ::1
[2025-12-08 13:01:26] SUCCESS - Instructor ID: 1, Action: accept, Submission ID: 21, IP: ::1
[2025-12-08 13:02:28] SUCCESS - Instructor ID: 1, Action: reject, Submission ID: 22, IP: ::1
[2025-12-08 13:02:28] SUCCESS - Instructor ID: 1, Action: reject, Submission ID: 22, IP: ::1
[2025-12-08 13:02:36] SUCCESS - Instructor ID: 1, Action: delete, Submission ID: 21, IP: ::1
[2025-12-08 13:02:36] SUCCESS - Instructor ID: 1, Action: delete, Submission ID: 21, IP: ::1
[2025-12-08 13:02:40] SUCCESS - Instructor ID: 1, Action: restore, Submission ID: 21, IP: ::1
[2025-12-08 13:02:40] SUCCESS - Instructor ID: 1, Action: restore, Submission ID: 21, IP: ::1
[2025-12-08 13:03:34] SUCCESS - Instructor ID: 1, Action: add_feedback, Submission ID: 23, IP: ::1
[2025-12-08 13:03:34] SUCCESS - Instructor ID: 1, Action: add_feedback, Submission ID: 23, IP: ::1
[2025-12-08 14:34:39] SUCCESS - Instructor ID: 1, Action: add_feedback, Submission ID: 29, IP: ::1
[2025-12-08 14:34:39] SUCCESS - Instructor ID: 1, Action: add_feedback, Submission ID: 29, IP: ::1
[2025-12-08 16:10:41] SUCCESS - Instructor ID: 6, Action: reject, Submission ID: 32, IP: ::1
[2025-12-08 16:10:41] SUCCESS - Instructor ID: 6, Action: reject, Submission ID: 32, IP: ::1
[2025-12-08 19:05:43] SUCCESS - Instructor ID: 1, Action: accept, Submission ID: 32, IP: ::1
[2025-12-08 19:05:43] SUCCESS - Instructor ID: 1, Action: accept, Submission ID: 32, IP: ::1
[2025-12-08 20:18:09] SUCCESS - Instructor ID: 1, Action: reject, Submission ID: 32, IP: ::1
[2025-12-08 20:18:09] SUCCESS - Instructor ID: 1, Action: reject, Submission ID: 32, IP: ::1
[2025-12-08 21:03:01] SUCCESS - Instructor ID: 1, Action: restore, Submission ID: 30, IP: ::1
[2025-12-08 21:03:01] SUCCESS - Instructor ID: 1, Action: restore, Submission ID: 30, IP: ::1
[2025-12-08 21:08:39] SUCCESS - Instructor ID: 1, Action: reject, Submission ID: 32, IP: ::1
[2025-12-08 21:08:39] SUCCESS - Instructor ID: 1, Action: reject, Submission ID: 32, IP: ::1
[2025-12-08 21:08:46] SUCCESS - Instructor ID: 1, Action: reject, Submission ID: 32, IP: ::1
[2025-12-08 21:08:46] SUCCESS - Instructor ID: 1, Action: reject, Submission ID: 32, IP: ::1
[2025-12-08 21:09:08] SUCCESS - Instructor ID: 1, Action: reject, Submission ID: 32, IP: ::1
[2025-12-08 21:09:08] SUCCESS - Instructor ID: 1, Action: reject, Submission ID: 32, IP: ::1
[2025-12-08 21:09:13] SUCCESS - Instructor ID: 1, Action: delete, Submission ID: 32, IP: ::1
[2025-12-08 21:09:13] SUCCESS - Instructor ID: 1, Action: delete, Submission ID: 32, IP: ::1
[2025-12-08 21:09:16] SUCCESS - Instructor ID: 1, Action: view_report, Submission ID: 31, IP: ::1
[2025-12-08 21:09:25] SUCCESS - Instructor ID: 1, Action: download_report, Submission ID: 31, IP: ::1
[2025-12-08 21:09:37] SUCCESS - Instructor ID: 1, Action: view_report, Submission ID: 30, IP: ::1
[2025-12-08 21:09:43] SUCCESS - Instructor ID: 1, Action: view_report, Submission ID: 29, IP: ::1
[2025-12-08 21:22:13] SUCCESS - Instructor ID: 1, Action: accept, Submission ID: 31, IP: ::1
[2025-12-08 21:22:13] SUCCESS - Instructor ID: 1, Action: accept, Submission ID: 31, IP: ::1
[2025-12-09 23:49:54] SUCCESS - Instructor ID: 4, Action: add_feedback, Submission ID: 33, IP: ::1
[2025-12-09 23:49:54] SUCCESS - Instructor ID: 4, Action: add_feedback, Submission ID: 33, IP: ::1
[2025-12-09 23:53:38] SUCCESS - Instructor ID: 4, Action: view_report, Submission ID: 33, IP: ::1
[2025-12-09 23:54:29] SUCCESS - Instructor ID: 4, Action: download_report, Submission ID: 34, IP: ::1
[2025-12-09 23:54:31] SUCCESS - Instructor ID: 4, Action: view_report, Submission ID: 34, IP: ::1
[2025-12-10 00:05:19] SUCCESS - Instructor ID: 1, Action: view_report, Submission ID: 34, IP: ::1
[2025-12-10 00:06:21] SUCCESS - Instructor ID: 1, Action: accept, Submission ID: 34, IP: ::1
[2025-12-10 00:06:21] SUCCESS - Instructor ID: 1, Action: accept, Submission ID: 34, IP: ::1
[2025-12-10 00:07:21] SUCCESS - Instructor ID: 4, Action: accept, Submission ID: 34, IP: ::1
[2025-12-10 00:07:21] SUCCESS - Instructor ID: 4, Action: accept, Submission ID: 34, IP: ::1
[2025-12-10 00:07:31] SUCCESS - Instructor ID: 4, Action: add_feedback, Submission ID: 34, IP: ::1
[2025-12-10 00:07:31] SUCCESS - Instructor ID: 4, Action: add_feedback, Submission ID: 34, IP: ::1
[2025-12-10 00:08:35] SUCCESS - Instructor ID: 1, Action: accept, Submission ID: 35, IP: ::1
[2025-12-10 00:08:35] SUCCESS - Instructor ID: 1, Action: accept, Submission ID: 35, IP: ::1
[2025-12-10 00:17:03] SUCCESS - Instructor ID: 1, Action: accept, Submission ID: 38, IP: ::1
[2025-12-10 00:17:03] SUCCESS - Instructor ID: 1, Action: accept, Submission ID: 38, IP: ::1
[2025-12-10 00:18:56] SUCCESS - Instructor ID: 1, Action: add_feedback, Submission ID: 39, IP: ::1
[2025-12-10 00:18:56] SUCCESS - Instructor ID: 1, Action: add_feedback, Submission ID: 39, IP: ::1
[2025-12-10 00:19:45] SUCCESS - Instructor ID: 1, Action: view_report, Submission ID: 39, IP: ::1
[2025-12-10 00:26:53] SUCCESS - Instructor ID: 1, Action: delete, Submission ID: 39, IP: ::1
[2025-12-10 00:26:53] SUCCESS - Instructor ID: 1, Action: delete, Submission ID: 39, IP: ::1
[2025-12-10 00:26:56] SUCCESS - Instructor ID: 1, Action: delete, Submission ID: 38, IP: ::1
[2025-12-10 00:26:56] SUCCESS - Instructor ID: 1, Action: delete, Submission ID: 38, IP: ::1
[2025-12-10 00:27:00] SUCCESS - Instructor ID: 1, Action: delete, Submission ID: 37, IP: ::1
[2025-12-10 00:27:00] SUCCESS - Instructor ID: 1, Action: delete, Submission ID: 37, IP: ::1
[2025-12-10 00:27:38] SUCCESS - Instructor ID: 1, Action: reject, Submission ID: 36, IP: ::1
[2025-12-10 00:27:38] SUCCESS - Instructor ID: 1, Action: reject, Submission ID: 36, IP: ::1
[2025-12-10 00:36:44] SUCCESS - Instructor ID: 1, Action: accept, Submission ID: 35, IP: ::1
[2025-12-10 00:36:44] SUCCESS - Instructor ID: 1, Action: accept, Submission ID: 35, IP: ::1
[2025-12-10 00:37:19] SUCCESS - Instructor ID: 1, Action: accept, Submission ID: 35, IP: ::1
[2025-12-10 00:37:19] SUCCESS - Instructor ID: 1, Action: accept, Submission ID: 35, IP: ::1
[2025-12-10 00:38:09] SUCCESS - Instructor ID: 1, Action: accept, Submission ID: 35, IP: ::1
[2025-12-10 00:38:09] SUCCESS - Instructor ID: 1, Action: accept, Submission ID: 35, IP: ::1
[2025-12-10 00:39:31] SUCCESS - Instructor ID: 1, Action: accept, Submission ID: 36, IP: ::1
[2025-12-10 00:39:31] SUCCESS - Instructor ID: 1, Action: accept, Submission ID: 36, IP: ::1
[2025-12-10 00:39:37] SUCCESS - Instructor ID: 1, Action: accept, Submission ID: 36, IP: ::1
[2025-12-10 00:39:37] SUCCESS - Instructor ID: 1, Action: accept, Submission ID: 36, IP: ::1
[2025-12-10 00:39:44] SUCCESS - Instructor ID: 1, Action: accept, Submission ID: 36, IP: ::1
[2025-12-10 00:39:44] SUCCESS - Instructor ID: 1, Action: accept, Submission ID: 36, IP: ::1
[2025-12-10 00:44:33] SUCCESS - Instructor ID: 1, Action: accept, Submission ID: 40, IP: ::1
[2025-12-10 00:44:33] SUCCESS - Instructor ID: 1, Action: accept, Submission ID: 40, IP: ::1
[2025-12-17 00:48:21] SUCCESS - Instructor ID: 1, Action: reject, Submission ID: 41, IP: ::1
[2025-12-17 00:48:21] SUCCESS - Instructor ID: 1, Action: reject, Submission ID: 41, IP: ::1
[2025-12-17 00:48:26] SUCCESS - Instructor ID: 1, Action: delete, Submission ID: 41, IP: ::1
[2025-12-17 00:48:26] SUCCESS - Instructor ID: 1, Action: delete, Submission ID: 41, IP: ::1
[2025-12-17 00:48:31] SUCCESS - Instructor ID: 1, Action: accept, Submission ID: 40, IP: ::1
[2025-12-17 00:48:31] SUCCESS - Instructor ID: 1, Action: accept, Submission ID: 40, IP: ::1
[2025-12-17 01:09:26] SUCCESS - Instructor ID: 1, Action: reject, Submission ID: 40, IP: ::1
[2025-12-17 01:09:26] SUCCESS - Instructor ID: 1, Action: reject, Submission ID: 40, IP: ::1
[2025-12-17 01:09:41] SUCCESS - Instructor ID: 1, Action: accept, Submission ID: 40, IP: ::1
[2025-12-17 01:09:41] SUCCESS - Instructor ID: 1, Action: accept, Submission ID: 40, IP: ::1
[2025-12-17 01:14:27] SUCCESS - Instructor ID: 1, Action: reject, Submission ID: 43, IP: ::1
[2025-12-17 01:14:27] SUCCESS - Instructor ID: 1, Action: reject, Submission ID: 43, IP: ::1
[2025-12-17 01:20:17] SUCCESS - Instructor ID: 1, Action: accept, Submission ID: 41, IP: ::1
[2025-12-17 01:20:17] SUCCESS - Instructor ID: 1, Action: accept, Submission ID: 41, IP: ::1
[2025-12-17 01:20:43] SUCCESS - Instructor ID: 1, Action: add_feedback, Submission ID: 43, IP: ::1
[2025-12-17 01:20:43] SUCCESS - Instructor ID: 1, Action: add_feedback, Submission ID: 43, IP: ::1
[2025-12-17 01:29:36] SUCCESS - Instructor ID: 1, Action: reject, Submission ID: 44, IP: ::1
[2025-12-17 01:29:36] SUCCESS - Instructor ID: 1, Action: reject, Submission ID: 44, IP: ::1
[2025-12-17 01:32:27] SUCCESS - Instructor ID: 1, Action: accept, Submission ID: 44, IP: ::1
[2025-12-17 01:32:27] SUCCESS - Instructor ID: 1, Action: accept, Submission ID: 44, IP: ::1
[2025-12-17 01:32:34] SUCCESS - Instructor ID: 1, Action: add_feedback, Submission ID: 44, IP: ::1
[2025-12-17 01:32:34] SUCCESS - Instructor ID: 1, Action: add_feedback, Submission ID: 44, IP: ::1
[2025-12-17 01:38:35] SUCCESS - Instructor ID: 1, Action: view_report, Submission ID: 45, IP: ::1
[2025-12-17 01:38:44] SUCCESS - Instructor ID: 1, Action: download_report, Submission ID: 45, IP: ::1
[2025-12-17 01:38:50] SUCCESS - Instructor ID: 1, Action: reject, Submission ID: 45, IP: ::1
[2025-12-17 01:38:50] SUCCESS - Instructor ID: 1, Action: reject, Submission ID: 45, IP: ::1
[2025-12-17 01:51:37] SUCCESS - Instructor ID: 1, Action: accept, Submission ID: 45, IP: ::1
[2025-12-17 01:51:37] SUCCESS - Instructor ID: 1, Action: accept, Submission ID: 45, IP: ::1
[2025-12-17 01:51:44] SUCCESS - Instructor ID: 1, Action: accept, Submission ID: 43, IP: ::1
[2025-12-17 01:51:44] SUCCESS - Instructor ID: 1, Action: accept, Submission ID: 43, IP: ::1
[2025-12-17 01:57:02] SUCCESS - Instructor ID: 1, Action: delete, Submission ID: 45, IP: ::1
[2025-12-17 01:57:02] SUCCESS - Instructor ID: 1, Action: delete, Submission ID: 45, IP: ::1
[2025-12-17 01:57:52] SUCCESS - Instructor ID: 1, Action: delete, Submission ID: 46, IP: ::1
[2025-12-17 01:57:52] SUCCESS - Instructor ID: 1, Action: delete, Submission ID: 46, IP: ::1
[2025-12-18 16:00:25] SUCCESS - Instructor ID: 50, Action: reject, Submission ID: 5, IP: ::1
[2025-12-18 16:00:25] SUCCESS - Instructor ID: 50, Action: reject, Submission ID: 5, IP: ::1
[2025-12-18 16:51:28] SUCCESS - Instructor ID: 50, Action: accept, Submission ID: 6, IP: ::1
[2025-12-18 16:51:28] SUCCESS - Instructor ID: 50, Action: accept, Submission ID: 6, IP: ::1
[2025-12-18 17:16:59] SUCCESS - Instructor ID: 50, Action: add_feedback, Submission ID: 7, IP: ::1
[2025-12-18 17:16:59] SUCCESS - Instructor ID: 50, Action: add_feedback, Submission ID: 7, IP: ::1
[2025-12-18 17:17:01] SUCCESS - Instructor ID: 50, Action: accept, Submission ID: 7, IP: ::1
[2025-12-18 17:17:01] SUCCESS - Instructor ID: 50, Action: accept, Submission ID: 7, IP: ::1
